|--- feature_3 <= 0.25
|   |--- feature_3 <= 0.15
|   |   |--- class: 0
|   |--- feature_3 >  0.15
|   |   |--- class: 1
|--- feature_3 >  0.25
|   |--- feature_3 <= 1.35
|   |   |--- feature_3 <= 1.25
|   |   |   |--- feature_3 <= 0.45
|   |   |   |   |--- feature_3 <= 0.35
|   |   |   |   |   |--- class: 2
|   |   |   |   |--- feature_3 >  0.35
|   |   |   |   |   |--- class: 3
|   |   |   |--- feature_3 >  0.45
|   |   |   |   |--- feature_3 <= 1.05
|   |   |   |   |   |--- feature_2 <= 2.50
|   |   |   |   |   |   |--- feature_3 <= 0.55
|   |   |   |   |   |   |   |--- class: 4
|   |   |   |   |   |   |--- feature_3 >  0.55
|   |   |   |   |   |   |   |--- class: 5
|   |   |   |   |   |--- feature_2 >  2.50
|   |   |   |   |   |   |--- class: 6
|   |   |   |   |--- feature_3 >  1.05
|   |   |   |   |   |--- feature_3 <= 1.15
|   |   |   |   |   |   |--- class: 7
|   |   |   |   |   |--- feature_3 >  1.15
|   |   |   |   |   |   |--- class: 8
|   |   |--- feature_3 >  1.25
|   |   |   |--- class: 9
|   |--- feature_3 >  1.35
|   |   |--- feature_3 <= 1.55
|   |   |   |--- feature_3 <= 1.45
|   |   |   |   |--- class: 10
|   |   |   |--- feature_3 >  1.45
|   |   |   |   |--- class: 11
|   |   |--- feature_3 >  1.55
|   |   |   |--- feature_3 <= 1.85
|   |   |   |   |--- feature_3 <= 1.75
|   |   |   |   |   |--- feature_3 <= 1.65
|   |   |   |   |   |   |--- class: 12
|   |   |   |   |   |--- feature_3 >  1.65
|   |   |   |   |   |   |--- class: 13
|   |   |   |   |--- feature_3 >  1.75
|   |   |   |   |   |--- class: 14
|   |   |   |--- feature_3 >  1.85
|   |   |   |   |--- feature_3 <= 1.95
|   |   |   |   |   |--- class: 15
|   |   |   |   |--- feature_3 >  1.95
|   |   |   |   |   |--- feature_3 <= 2.05
|   |   |   |   |   |   |--- class: 16
|   |   |   |   |   |--- feature_3 >  2.05
|   |   |   |   |   |   |--- feature_3 <= 2.15
|   |   |   |   |   |   |   |--- class: 17
|   |   |   |   |   |   |--- feature_3 >  2.15
|   |   |   |   |   |   |   |--- feature_3 <= 2.35
|   |   |   |   |   |   |   |   |--- feature_2 <= 6.40
|   |   |   |   |   |   |   |   |   |--- class: 19
|   |   |   |   |   |   |   |   |--- feature_2 >  6.40
|   |   |   |   |   |   |   |   |   |--- class: 18
|   |   |   |   |   |   |   |--- feature_3 >  2.35
|   |   |   |   |   |   |   |   |--- feature_2 <= 5.65
|   |   |   |   |   |   |   |   |   |--- class: 20
|   |   |   |   |   |   |   |   |--- feature_2 >  5.65
|   |   |   |   |   |   |   |   |   |--- class: 21
